<?xml version="1.0" encoding="UTF-8"?>
<!-- Generated by org.testng.reporters.JUnitReportReporter -->
<testsuite hostname="DESKTOP-B659M31" failures="0" tests="8" name="fileReadTest.InvocationCountRestAPI" time="0.062" errors="0" timestamp="2024-09-26T16:50:19 IST" skipped="0">
  <testcase classname="fileReadTest.InvocationCountRestAPI" name="addUser" time="0.025"/>
  <testcase classname="fileReadTest.InvocationCountRestAPI" name="getUser" time="0.007"/>
  <testcase classname="fileReadTest.InvocationCountRestAPI" name="updateUser" time="0.004"/>
  <testcase classname="fileReadTest.InvocationCountRestAPI" name="delateUser" time="0.005"/>
  <testcase classname="fileReadTest.InvocationCountRestAPI" name="delateUser" time="0.004"/>
  <testcase classname="fileReadTest.InvocationCountRestAPI" name="delateUser" time="0.004"/>
  <testcase classname="fileReadTest.InvocationCountRestAPI" name="delateUser" time="0.008"/>
  <testcase classname="fileReadTest.InvocationCountRestAPI" name="delateUser" time="0.005"/>
</testsuite> <!-- fileReadTest.InvocationCountRestAPI -->
