<?xml version="1.0" encoding="UTF-8"?>
<!-- Generated by org.testng.reporters.JUnitReportReporter -->
<testsuite hostname="DESKTOP-B659M31" failures="0" tests="4" name="fileReadTest.PriorityRestAPI" time="0.031" errors="0" timestamp="2024-09-26T21:23:26 IST" skipped="0">
  <testcase classname="fileReadTest.PriorityRestAPI" name="addUser" time="0.021"/>
  <testcase classname="fileReadTest.PriorityRestAPI" name="updateUser" time="0.004"/>
  <testcase classname="fileReadTest.PriorityRestAPI" name="getUser" time="0.004"/>
  <testcase classname="fileReadTest.PriorityRestAPI" name="delateUser" time="0.002"/>
</testsuite> <!-- fileReadTest.PriorityRestAPI -->
