<?xml version="1.0" encoding="UTF-8"?>
<!-- Generated by org.testng.reporters.JUnitReportReporter -->
<testsuite hostname="DESKTOP-B659M31" failures="0" tests="2" name="fileReadTest.DependsOnMethods" time="0.032" errors="0" timestamp="2024-09-27T18:55:33 IST" skipped="0">
  <testcase classname="fileReadTest.DependsOnMethods" name="delateUser" time="0.006"/>
  <testcase classname="fileReadTest.DependsOnMethods" name="addUser" time="0.026"/>
</testsuite> <!-- fileReadTest.DependsOnMethods -->
