<?xml version="1.0" encoding="UTF-8"?>
<!-- Generated by org.testng.reporters.JUnitReportReporter -->
<testsuite hostname="DESKTOP-B659M31" failures="0" tests="3" name="fileReadTest.Exclude_Enabled" time="0.027" errors="0" timestamp="2024-09-26T17:07:54 IST" skipped="1">
  <testcase classname="fileReadTest.Exclude_Enabled" name="addUser" time="0.006"/>
  <testcase classname="fileReadTest.Exclude_Enabled" name="updateUser" time="0.021"/>
  <testcase classname="fileReadTest.Exclude_Enabled" name="delateUser">
    <skipped/>
  </testcase> <!-- delateUser -->
</testsuite> <!-- fileReadTest.Exclude_Enabled -->
