<?xml version="1.0" encoding="UTF-8"?>
<!-- Generated by org.testng.reporters.JUnitReportReporter -->
<testsuite hostname="DESKTOP-B659M31" failures="0" tests="1" name="fileReadTest.filesTest" time="0.043" errors="0" timestamp="2024-09-27T17:17:30 IST" skipped="0">
  <testcase classname="fileReadTest.filesTest" name="readFilestext" time="0.043"/>
</testsuite> <!-- fileReadTest.filesTest -->
