<?xml version="1.0" encoding="UTF-8"?>
<!-- Generated by org.testng.reporters.JUnitReportReporter -->
<testsuite hostname="DESKTOP-B659M31" failures="0" tests="1" name="fileReadTest.ReadfilesTest" time="0.053" errors="0" timestamp="2024-09-25T18:35:35 IST" skipped="0">
  <testcase classname="fileReadTest.ReadfilesTest" name="writeFilestext" time="0.053"/>
</testsuite> <!-- fileReadTest.ReadfilesTest -->
