<?xml version="1.0" encoding="UTF-8"?>
<!-- Generated by org.testng.reporters.JUnitReportReporter -->
<testsuite hostname="DESKTOP-B659M31" failures="0" tests="3" name="fileReadTest.DataProviders" time="0.105" errors="0" timestamp="2024-09-28T10:08:53 IST" skipped="0">
  <testcase classname="fileReadTest.DataProviders" name="updateUser" time="0.026"/>
  <testcase classname="fileReadTest.DataProviders" name="updateUser" time="0.044"/>
  <testcase classname="fileReadTest.DataProviders" name="updateUser" time="0.035"/>
</testsuite> <!-- fileReadTest.DataProviders -->
