<?xml version="1.0" encoding="UTF-8"?>
<!-- Generated by org.testng.reporters.JUnitReportReporter -->
<testsuite hostname="DESKTOP-B659M31" failures="0" tests="1" name="fileReadTest.Groups" time="0.030" errors="0" timestamp="2024-09-27T16:30:50 IST" skipped="0">
  <testcase classname="fileReadTest.Groups" name="getUser" time="0.030"/>
</testsuite> <!-- fileReadTest.Groups -->
