<?xml version="1.0" encoding="UTF-8"?>
<!-- Generated by org.testng.reporters.JUnitReportReporter -->
<testsuite hostname="DESKTOP-B659M31" failures="0" tests="2" name="fileReadTest.TestMethods" time="0.038" errors="0" timestamp="2024-09-27T17:18:53 IST" skipped="0">
  <testcase classname="fileReadTest.TestMethods" name="text1" time="0.027"/>
  <testcase classname="fileReadTest.TestMethods" name="text2" time="0.011"/>
</testsuite> <!-- fileReadTest.TestMethods -->
