<?xml version="1.0" encoding="UTF-8"?>
<!-- Generated by org.testng.reporters.JUnitReportReporter -->
<testsuite hostname="DESKTOP-B659M31" failures="0" tests="4" name="fileReadTest.filesTest" time="1.364" errors="0" timestamp="2024-09-26T06:24:57 IST" skipped="0">
  <testcase classname="fileReadTest.filesTest" name="WriteFilesproperties" time="0.005"/>
  <testcase classname="fileReadTest.filesTest" name="WriteFilesExceal" time="1.336"/>
  <testcase classname="fileReadTest.filesTest" name="writeFilestext" time="0.005"/>
  <testcase classname="fileReadTest.filesTest" name="readFilestext" time="0.018"/>
</testsuite> <!-- fileReadTest.filesTest -->
